Build started 1/29/2015 11:40:00 AM.
     1>Project "C:\Users\Jonathan\git\Maze\Maze.vcxproj" on node 2 (build target(s)).
     1>InitializeBuildStatus:
         Creating "Debug\Maze.unsuccessfulbuild" because "AlwaysCreate" was specified.
       ClCompile:
         All outputs are up-to-date.
         C:\Program Files (x86)\Microsoft Visual Studio 10.0\VC\bin\CL.exe /c /ZI /nologo /W3 /WX- /Od /Oy- /D WIN32 /D _DEBUG /D _CONSOLE /D _UNICODE /D UNICODE /Gm /EHsc /RTC1 /MDd /GS /fp:precise /Zc:wchar_t /Zc:forScope /Yu"StdAfx.h" /Fp"Debug\Maze.pch" /Fo"Debug\\" /Fd"Debug\vc100.pdb" /Gd /TP /analyze- /errorReport:prompt Maze.cpp
         Maze.cpp
     1>c:\users\jonathan\git\maze\maze.cpp(85): warning C4305: 'argument' : truncation from 'double' to 'float'
     1>c:\users\jonathan\git\maze\maze.cpp(95): warning C4244: 'initializing' : conversion from 'int' to 'float', possible loss of data
     1>c:\users\jonathan\git\maze\maze.cpp(95): warning C4244: 'initializing' : conversion from 'int' to 'float', possible loss of data
     1>c:\users\jonathan\git\maze\maze.cpp(95): warning C4244: 'initializing' : conversion from 'int' to 'float', possible loss of data
     1>c:\users\jonathan\git\maze\maze.cpp(124): warning C4305: '+=' : truncation from 'double' to 'float'
     1>c:\users\jonathan\git\maze\maze.cpp(126): warning C4305: '-=' : truncation from 'double' to 'float'
     1>c:\users\jonathan\git\maze\maze.cpp(128): warning C4305: '+=' : truncation from 'double' to 'float'
     1>c:\users\jonathan\git\maze\maze.cpp(130): warning C4305: '-=' : truncation from 'double' to 'float'
     1>c:\users\jonathan\git\maze\maze.cpp(132): warning C4305: '-=' : truncation from 'double' to 'float'
     1>c:\users\jonathan\git\maze\maze.cpp(134): warning C4305: '+=' : truncation from 'double' to 'float'
       ManifestResourceCompile:
         All outputs are up-to-date.
       Link:
         C:\Program Files (x86)\Microsoft Visual Studio 10.0\VC\bin\link.exe /ERRORREPORT:PROMPT /OUT:"C:\Users\Jonathan\git\Maze\Debug\Maze.exe" /INCREMENTAL /NOLOGO kernel32.lib user32.lib gdi32.lib winspool.lib comdlg32.lib advapi32.lib shell32.lib ole32.lib oleaut32.lib uuid.lib odbc32.lib odbccp32.lib /MANIFEST /ManifestFile:"Debug\Maze.exe.intermediate.manifest" /MANIFESTUAC:"level='asInvoker' uiAccess='false'" /DEBUG /PDB:"C:\Users\Jonathan\git\Maze\Debug\Maze.pdb" /SUBSYSTEM:CONSOLE /TLBID:1 /DYNAMICBASE /NXCOMPAT /IMPLIB:"C:\Users\Jonathan\git\Maze\Debug\Maze.lib" /MACHINE:X86 Debug\Maze.exe.embed.manifest.res
         Debug\Cube.obj
         Debug\EasyBMP.obj
         Debug\Maze.obj
         Debug\stdafx.obj
         "..\freeglut-2.6.0\VisualStudio2008Static\Release\freeglut_static.lib"
         ..\GLTools\Release\gltools.lib
       Manifest:
         C:\Program Files (x86)\Microsoft SDKs\Windows\v7.0A\bin\mt.exe /nologo /verbose /out:"Debug\Maze.exe.embed.manifest" /manifest Debug\Maze.exe.intermediate.manifest
         All outputs are up-to-date.
       LinkEmbedManifest:
         All outputs are up-to-date.
         Maze.vcxproj -> C:\Users\Jonathan\git\Maze\Debug\Maze.exe
       FinalizeBuildStatus:
         Deleting file "Debug\Maze.unsuccessfulbuild".
         Touching "Debug\Maze.lastbuildstate".
     1>Done Building Project "C:\Users\Jonathan\git\Maze\Maze.vcxproj" (build target(s)).

Build succeeded.

Time Elapsed 00:00:01.00
