C:\Users\Jonathan\git\Maze\Debug\cl.command.1.tlog
C:\Users\Jonathan\git\Maze\Debug\CL.read.1.tlog
C:\Users\Jonathan\git\Maze\Debug\CL.write.1.tlog
C:\USERS\JONATHAN\GIT\MAZE\DEBUG\EASYBMP.OBJ
C:\Users\Jonathan\git\Maze\Debug\link.2656.read.1.tlog
C:\Users\Jonathan\git\Maze\Debug\link.2656.write.1.tlog
C:\Users\Jonathan\git\Maze\Debug\link.2656-cvtres.read.1.tlog
C:\Users\Jonathan\git\Maze\Debug\link.2656-cvtres.write.1.tlog
C:\Users\Jonathan\git\Maze\Debug\link.274096.read.1.tlog
C:\Users\Jonathan\git\Maze\Debug\link.274096.write.1.tlog
C:\Users\Jonathan\git\Maze\Debug\link.274096-cvtres.read.1.tlog
C:\Users\Jonathan\git\Maze\Debug\link.274096-cvtres.write.1.tlog
C:\Users\Jonathan\git\Maze\Debug\link.6960.read.1.tlog
C:\Users\Jonathan\git\Maze\Debug\link.6960.write.1.tlog
C:\Users\Jonathan\git\Maze\Debug\link.6960-cvtres.read.1.tlog
C:\Users\Jonathan\git\Maze\Debug\link.6960-cvtres.write.1.tlog
C:\Users\Jonathan\git\Maze\Debug\link.8624.read.1.tlog
C:\Users\Jonathan\git\Maze\Debug\link.8624.write.1.tlog
C:\Users\Jonathan\git\Maze\Debug\link.8624-cvtres.read.1.tlog
C:\Users\Jonathan\git\Maze\Debug\link.8624-cvtres.write.1.tlog
C:\Users\Jonathan\git\Maze\Debug\link.command.1.tlog
C:\Users\Jonathan\git\Maze\Debug\link.read.1.tlog
C:\Users\Jonathan\git\Maze\Debug\link.write.1.tlog
C:\Users\Jonathan\git\Maze\Debug\link-cvtres.read.1.tlog
C:\Users\Jonathan\git\Maze\Debug\link-cvtres.write.1.tlog
C:\USERS\JONATHAN\GIT\MAZE\DEBUG\MAZE.EXE.EMBED.MANIFEST
C:\USERS\JONATHAN\GIT\MAZE\DEBUG\MAZE.EXE.EMBED.MANIFEST.RES
C:\Users\Jonathan\git\Maze\Debug\Maze.exe.intermediate.manifest
C:\USERS\JONATHAN\GIT\MAZE\DEBUG\MAZE.OBJ
C:\USERS\JONATHAN\GIT\MAZE\DEBUG\MAZE.PCH
C:\Users\Jonathan\git\Maze\Debug\Maze.pdb
C:\Users\Jonathan\git\Maze\Debug\Maze.vcxprojResolveAssemblyReference.cache
C:\Users\Jonathan\git\Maze\Debug\Maze.write.1.tlog
C:\Users\Jonathan\git\Maze\Debug\Maze_manifest.rc
C:\Users\Jonathan\git\Maze\Debug\mt.command.1.tlog
C:\Users\Jonathan\git\Maze\Debug\mt.read.1.tlog
C:\Users\Jonathan\git\Maze\Debug\mt.write.1.tlog
C:\Users\Jonathan\git\Maze\Debug\rc.command.1.tlog
C:\Users\Jonathan\git\Maze\Debug\rc.read.1.tlog
C:\Users\Jonathan\git\Maze\Debug\rc.write.1.tlog
C:\USERS\JONATHAN\GIT\MAZE\DEBUG\STDAFX.OBJ
C:\Users\Jonathan\git\Maze\Debug\vc100.idb
C:\USERS\JONATHAN\GIT\MAZE\DEBUG\VC100.PDB
